<?xml version="1.0" encoding="UTF-8"?>
<!-- Generated by org.testng.reporters.JUnitReportReporter -->
<testsuite hostname="MBTLT25" failures="0" tests="1" name="com.testng.test2" time="1.737" errors="0" timestamp="2023-08-09T15:32:56 IST" skipped="0">
  <testcase classname="com.testng.test2" name="Test" time="1.737"/>
</testsuite> <!-- com.testng.test2 -->
