<?xml version="1.0" encoding="UTF-8"?>
<!-- Generated by org.testng.reporters.JUnitReportReporter -->
<testsuite hostname="MBTLT25" failures="0" tests="1" name="com.testng.sampleTest" time="1.209" errors="0" timestamp="2023-08-09T16:03:57 IST" skipped="0">
  <testcase classname="com.testng.sampleTest" name="Test" time="1.209"/>
</testsuite> <!-- com.testng.sampleTest -->
